0 info it worked if it ends with ok
1 verbose cli [ '/usr/local/bin/node', '/usr/local/bin/npm', 'run', 'seed' ]
2 info using npm@4.0.5
3 info using node@v7.4.0
4 verbose run-script [ 'preseed', 'seed', 'postseed' ]
5 info lifecycle zenkom@~preseed: zenkom@
6 silly lifecycle zenkom@~preseed: no script for preseed, continuing
7 info lifecycle zenkom@~seed: zenkom@
8 verbose lifecycle zenkom@~seed: unsafe-perm in lifecycle true
9 verbose lifecycle zenkom@~seed: PATH: /usr/local/lib/node_modules/npm/bin/node-gyp-bin:/Users/janikvonrotz/LocalDrive/Zenkom/node_modules/.bin:/Users/janikvonrotz/.rbenv/shims:/usr/local/bin:/usr/bin:/bin:/usr/sbin:/sbin
10 verbose lifecycle zenkom@~seed: CWD: /Users/janikvonrotz/LocalDrive/Zenkom
11 silly lifecycle zenkom@~seed: Args: [ '-c', 'node ./imports/seed.js' ]
12 silly lifecycle zenkom@~seed: Returned: code: 1  signal: null
13 info lifecycle zenkom@~seed: Failed to exec seed script
14 verbose stack Error: zenkom@ seed: `node ./imports/seed.js`
14 verbose stack Exit status 1
14 verbose stack     at EventEmitter.<anonymous> (/usr/local/lib/node_modules/npm/lib/utils/lifecycle.js:279:16)
14 verbose stack     at emitTwo (events.js:106:13)
14 verbose stack     at EventEmitter.emit (events.js:191:7)
14 verbose stack     at ChildProcess.<anonymous> (/usr/local/lib/node_modules/npm/lib/utils/spawn.js:40:14)
14 verbose stack     at emitTwo (events.js:106:13)
14 verbose stack     at ChildProcess.emit (events.js:191:7)
14 verbose stack     at maybeClose (internal/child_process.js:885:16)
14 verbose stack     at Process.ChildProcess._handle.onexit (internal/child_process.js:226:5)
15 verbose pkgid zenkom@
16 verbose cwd /Users/janikvonrotz/LocalDrive/Zenkom
17 error Darwin 16.3.0
18 error argv "/usr/local/bin/node" "/usr/local/bin/npm" "run" "seed"
19 error node v7.4.0
20 error npm  v4.0.5
21 error code ELIFECYCLE
22 error zenkom@ seed: `node ./imports/seed.js`
22 error Exit status 1
23 error Failed at the zenkom@ seed script 'node ./imports/seed.js'.
23 error Make sure you have the latest version of node.js and npm installed.
23 error If you do, this is most likely a problem with the zenkom package,
23 error not with npm itself.
23 error Tell the author that this fails on your system:
23 error     node ./imports/seed.js
23 error You can get information on how to open an issue for this project with:
23 error     npm bugs zenkom
23 error Or if that isn't available, you can get their info via:
23 error     npm owner ls zenkom
23 error There is likely additional logging output above.
24 verbose exit [ 1, true ]
